<?xml version="1.0" encoding="UTF-8"?>
<testng-results ignored="0" total="22" passed="22" failed="0" skipped="0">
  <reporter-output>
  </reporter-output>
  <suite started-at="2025-09-01T09:05:15 IST" name="Suite" finished-at="2025-09-01T09:09:17 IST" duration-ms="242180">
    <groups>
      <group name="cucumber">
        <method signature="AbstractTestNGCucumberTests.runScenario(io.cucumber.testng.PickleWrapper,io.cucumber.testng.FeatureWrapper)[pri:0, instance:runners.TestRunner@63475ace]" name="runScenario" class="io.cucumber.testng.AbstractTestNGCucumberTests"/>
        <method signature="AbstractTestNGCucumberTests.runScenario(io.cucumber.testng.PickleWrapper,io.cucumber.testng.FeatureWrapper)[pri:0, instance:runners.TestRunner@175b9425]" name="runScenario" class="io.cucumber.testng.AbstractTestNGCucumberTests"/>
      </group> <!-- cucumber -->
    </groups>
    <test started-at="2025-09-01T09:05:15 IST" name="chromeTest" finished-at="2025-09-01T09:07:09 IST" duration-ms="114107">
      <class name="runners.TestRunner">
        <test-method is-config="true" signature="setUpClass(org.testng.ITestContext)[pri:0, instance:runners.TestRunner@63475ace]" started-at="2025-09-01T09:05:15 IST" name="setUpClass" finished-at="2025-09-01T09:05:16 IST" duration-ms="752" status="PASS">
          <params>
            <param index="0">
              <value>
                <![CDATA[org.testng.TestRunner@360a3106]]>
              </value>
            </param>
          </params>
          <reporter-output>
          </reporter-output>
        </test-method> <!-- setUpClass -->
        <test-method signature="runScenario(io.cucumber.testng.PickleWrapper,io.cucumber.testng.FeatureWrapper)[pri:0, instance:runners.TestRunner@63475ace]" started-at="2025-09-01T09:05:16 IST" name="runScenario" description="Runs Cucumber Scenarios" data-provider="scenarios" finished-at="2025-09-01T09:05:23 IST" duration-ms="7541" status="PASS">
          <params>
            <param index="0">
              <value>
                <![CDATA["Search for a valid city name"]]>
              </value>
            </param>
            <param index="1">
              <value>
                <![CDATA["City Search Module"]]>
              </value>
            </param>
          </params>
          <reporter-output>
          </reporter-output>
        </test-method> <!-- runScenario -->
        <test-method signature="runScenario(io.cucumber.testng.PickleWrapper,io.cucumber.testng.FeatureWrapper)[pri:0, instance:runners.TestRunner@63475ace]" started-at="2025-09-01T09:05:23 IST" name="runScenario" description="Runs Cucumber Scenarios" data-provider="scenarios" finished-at="2025-09-01T09:05:28 IST" duration-ms="5054" status="PASS">
          <params>
            <param index="0">
              <value>
                <![CDATA["Search for an invalid city name"]]>
              </value>
            </param>
            <param index="1">
              <value>
                <![CDATA["City Search Module"]]>
              </value>
            </param>
          </params>
          <reporter-output>
          </reporter-output>
        </test-method> <!-- runScenario -->
        <test-method signature="runScenario(io.cucumber.testng.PickleWrapper,io.cucumber.testng.FeatureWrapper)[pri:0, instance:runners.TestRunner@63475ace]" started-at="2025-09-01T09:05:28 IST" name="runScenario" description="Runs Cucumber Scenarios" data-provider="scenarios" finished-at="2025-09-01T09:05:37 IST" duration-ms="8677" status="PASS">
          <params>
            <param index="0">
              <value>
                <![CDATA["Select city by choosing a city icon"]]>
              </value>
            </param>
            <param index="1">
              <value>
                <![CDATA["City Search Module"]]>
              </value>
            </param>
          </params>
          <reporter-output>
          </reporter-output>
        </test-method> <!-- runScenario -->
        <test-method signature="runScenario(io.cucumber.testng.PickleWrapper,io.cucumber.testng.FeatureWrapper)[pri:0, instance:runners.TestRunner@63475ace]" started-at="2025-09-01T09:05:37 IST" name="runScenario" description="Runs Cucumber Scenarios" data-provider="scenarios" finished-at="2025-09-01T09:05:57 IST" duration-ms="20015" status="PASS">
          <params>
            <param index="0">
              <value>
                <![CDATA["View all cities and validate additional city names"]]>
              </value>
            </param>
            <param index="1">
              <value>
                <![CDATA["City Search Module"]]>
              </value>
            </param>
          </params>
          <reporter-output>
          </reporter-output>
        </test-method> <!-- runScenario -->
        <test-method signature="runScenario(io.cucumber.testng.PickleWrapper,io.cucumber.testng.FeatureWrapper)[pri:0, instance:runners.TestRunner@63475ace]" started-at="2025-09-01T09:05:57 IST" name="runScenario" description="Runs Cucumber Scenarios" data-provider="scenarios" finished-at="2025-09-01T09:06:04 IST" duration-ms="6975" status="PASS">
          <params>
            <param index="0">
              <value>
                <![CDATA["Navigate to the Gift Card section and validate Check Gift Card Balance icon"]]>
              </value>
            </param>
            <param index="1">
              <value>
                <![CDATA["Gift Card Module"]]>
              </value>
            </param>
          </params>
          <reporter-output>
          </reporter-output>
        </test-method> <!-- runScenario -->
        <test-method signature="runScenario(io.cucumber.testng.PickleWrapper,io.cucumber.testng.FeatureWrapper)[pri:0, instance:runners.TestRunner@63475ace]" started-at="2025-09-01T09:06:04 IST" name="runScenario" description="Runs Cucumber Scenarios" data-provider="scenarios" finished-at="2025-09-01T09:06:12 IST" duration-ms="8120" status="PASS">
          <params>
            <param index="0">
              <value>
                <![CDATA["Validate error message for invalid gift card voucher"]]>
              </value>
            </param>
            <param index="1">
              <value>
                <![CDATA["Gift Card Module"]]>
              </value>
            </param>
          </params>
          <reporter-output>
          </reporter-output>
        </test-method> <!-- runScenario -->
        <test-method signature="runScenario(io.cucumber.testng.PickleWrapper,io.cucumber.testng.FeatureWrapper)[pri:0, instance:runners.TestRunner@63475ace]" started-at="2025-09-01T09:06:12 IST" name="runScenario" description="Runs Cucumber Scenarios" data-provider="scenarios" finished-at="2025-09-01T09:06:22 IST" duration-ms="9878" status="PASS">
          <params>
            <param index="0">
              <value>
                <![CDATA["Valid login with mobile and OTP"]]>
              </value>
            </param>
            <param index="1">
              <value>
                <![CDATA["Login to BookMyShow"]]>
              </value>
            </param>
          </params>
          <reporter-output>
          </reporter-output>
        </test-method> <!-- runScenario -->
        <test-method signature="runScenario(io.cucumber.testng.PickleWrapper,io.cucumber.testng.FeatureWrapper)[pri:0, instance:runners.TestRunner@63475ace]" started-at="2025-09-01T09:06:22 IST" name="runScenario" description="Runs Cucumber Scenarios" data-provider="scenarios" finished-at="2025-09-01T09:06:31 IST" duration-ms="9343" status="PASS">
          <params>
            <param index="0">
              <value>
                <![CDATA["Invalid login with mobile"]]>
              </value>
            </param>
            <param index="1">
              <value>
                <![CDATA["Login to BookMyShow"]]>
              </value>
            </param>
          </params>
          <reporter-output>
          </reporter-output>
        </test-method> <!-- runScenario -->
        <test-method signature="runScenario(io.cucumber.testng.PickleWrapper,io.cucumber.testng.FeatureWrapper)[pri:0, instance:runners.TestRunner@63475ace]" started-at="2025-09-01T09:06:31 IST" name="runScenario" description="Runs Cucumber Scenarios" data-provider="scenarios" finished-at="2025-09-01T09:06:55 IST" duration-ms="23146" status="PASS">
          <params>
            <param index="0">
              <value>
                <![CDATA["Verify all login UI elements are functional and visible"]]>
              </value>
            </param>
            <param index="1">
              <value>
                <![CDATA["Login to BookMyShow"]]>
              </value>
            </param>
          </params>
          <reporter-output>
          </reporter-output>
        </test-method> <!-- runScenario -->
        <test-method signature="runScenario(io.cucumber.testng.PickleWrapper,io.cucumber.testng.FeatureWrapper)[pri:0, instance:runners.TestRunner@63475ace]" started-at="2025-09-01T09:06:55 IST" name="runScenario" description="Runs Cucumber Scenarios" data-provider="scenarios" finished-at="2025-09-01T09:07:02 IST" duration-ms="7359" status="PASS">
          <params>
            <param index="0">
              <value>
                <![CDATA["Select first movie from recommended movies and validate movie details"]]>
              </value>
            </param>
            <param index="1">
              <value>
                <![CDATA["Movie Search Module"]]>
              </value>
            </param>
          </params>
          <reporter-output>
          </reporter-output>
        </test-method> <!-- runScenario -->
        <test-method signature="runScenario(io.cucumber.testng.PickleWrapper,io.cucumber.testng.FeatureWrapper)[pri:0, instance:runners.TestRunner@63475ace]" started-at="2025-09-01T09:07:02 IST" name="runScenario" description="Runs Cucumber Scenarios" data-provider="scenarios" finished-at="2025-09-01T09:07:09 IST" duration-ms="7127" status="PASS">
          <params>
            <param index="0">
              <value>
                <![CDATA["Navigate to upcoming movies and validate "In Cinemas Near You" link"]]>
              </value>
            </param>
            <param index="1">
              <value>
                <![CDATA["Movie Search Module"]]>
              </value>
            </param>
          </params>
          <reporter-output>
          </reporter-output>
        </test-method> <!-- runScenario -->
        <test-method is-config="true" signature="tearDownClass()[pri:0, instance:runners.TestRunner@63475ace]" started-at="2025-09-01T09:07:09 IST" name="tearDownClass" finished-at="2025-09-01T09:07:09 IST" duration-ms="44" status="PASS">
          <reporter-output>
          </reporter-output>
        </test-method> <!-- tearDownClass -->
      </class> <!-- runners.TestRunner -->
    </test> <!-- chromeTest -->
    <test started-at="2025-09-01T09:07:09 IST" name="EdgeTest" finished-at="2025-09-01T09:09:17 IST" duration-ms="128023">
      <class name="runners.TestRunner">
        <test-method is-config="true" signature="setUpClass(org.testng.ITestContext)[pri:0, instance:runners.TestRunner@175b9425]" started-at="2025-09-01T09:07:09 IST" name="setUpClass" finished-at="2025-09-01T09:07:09 IST" duration-ms="23" status="PASS">
          <params>
            <param index="0">
              <value>
                <![CDATA[org.testng.TestRunner@737ff5c4]]>
              </value>
            </param>
          </params>
          <reporter-output>
          </reporter-output>
        </test-method> <!-- setUpClass -->
        <test-method signature="runScenario(io.cucumber.testng.PickleWrapper,io.cucumber.testng.FeatureWrapper)[pri:0, instance:runners.TestRunner@175b9425]" started-at="2025-09-01T09:07:09 IST" name="runScenario" description="Runs Cucumber Scenarios" data-provider="scenarios" finished-at="2025-09-01T09:07:21 IST" duration-ms="11486" status="PASS">
          <params>
            <param index="0">
              <value>
                <![CDATA["Search for a valid city name"]]>
              </value>
            </param>
            <param index="1">
              <value>
                <![CDATA["City Search Module"]]>
              </value>
            </param>
          </params>
          <reporter-output>
          </reporter-output>
        </test-method> <!-- runScenario -->
        <test-method signature="runScenario(io.cucumber.testng.PickleWrapper,io.cucumber.testng.FeatureWrapper)[pri:0, instance:runners.TestRunner@175b9425]" started-at="2025-09-01T09:07:21 IST" name="runScenario" description="Runs Cucumber Scenarios" data-provider="scenarios" finished-at="2025-09-01T09:07:27 IST" duration-ms="6163" status="PASS">
          <params>
            <param index="0">
              <value>
                <![CDATA["Search for an invalid city name"]]>
              </value>
            </param>
            <param index="1">
              <value>
                <![CDATA["City Search Module"]]>
              </value>
            </param>
          </params>
          <reporter-output>
          </reporter-output>
        </test-method> <!-- runScenario -->
        <test-method signature="runScenario(io.cucumber.testng.PickleWrapper,io.cucumber.testng.FeatureWrapper)[pri:0, instance:runners.TestRunner@175b9425]" started-at="2025-09-01T09:07:27 IST" name="runScenario" description="Runs Cucumber Scenarios" data-provider="scenarios" finished-at="2025-09-01T09:07:38 IST" duration-ms="11016" status="PASS">
          <params>
            <param index="0">
              <value>
                <![CDATA["Select city by choosing a city icon"]]>
              </value>
            </param>
            <param index="1">
              <value>
                <![CDATA["City Search Module"]]>
              </value>
            </param>
          </params>
          <reporter-output>
          </reporter-output>
        </test-method> <!-- runScenario -->
        <test-method signature="runScenario(io.cucumber.testng.PickleWrapper,io.cucumber.testng.FeatureWrapper)[pri:0, instance:runners.TestRunner@175b9425]" started-at="2025-09-01T09:07:38 IST" name="runScenario" description="Runs Cucumber Scenarios" data-provider="scenarios" finished-at="2025-09-01T09:07:59 IST" duration-ms="21453" status="PASS">
          <params>
            <param index="0">
              <value>
                <![CDATA["View all cities and validate additional city names"]]>
              </value>
            </param>
            <param index="1">
              <value>
                <![CDATA["City Search Module"]]>
              </value>
            </param>
          </params>
          <reporter-output>
          </reporter-output>
        </test-method> <!-- runScenario -->
        <test-method signature="runScenario(io.cucumber.testng.PickleWrapper,io.cucumber.testng.FeatureWrapper)[pri:0, instance:runners.TestRunner@175b9425]" started-at="2025-09-01T09:07:59 IST" name="runScenario" description="Runs Cucumber Scenarios" data-provider="scenarios" finished-at="2025-09-01T09:08:07 IST" duration-ms="7483" status="PASS">
          <params>
            <param index="0">
              <value>
                <![CDATA["Navigate to the Gift Card section and validate Check Gift Card Balance icon"]]>
              </value>
            </param>
            <param index="1">
              <value>
                <![CDATA["Gift Card Module"]]>
              </value>
            </param>
          </params>
          <reporter-output>
          </reporter-output>
        </test-method> <!-- runScenario -->
        <test-method signature="runScenario(io.cucumber.testng.PickleWrapper,io.cucumber.testng.FeatureWrapper)[pri:0, instance:runners.TestRunner@175b9425]" started-at="2025-09-01T09:08:07 IST" name="runScenario" description="Runs Cucumber Scenarios" data-provider="scenarios" finished-at="2025-09-01T09:08:15 IST" duration-ms="8638" status="PASS">
          <params>
            <param index="0">
              <value>
                <![CDATA["Validate error message for invalid gift card voucher"]]>
              </value>
            </param>
            <param index="1">
              <value>
                <![CDATA["Gift Card Module"]]>
              </value>
            </param>
          </params>
          <reporter-output>
          </reporter-output>
        </test-method> <!-- runScenario -->
        <test-method signature="runScenario(io.cucumber.testng.PickleWrapper,io.cucumber.testng.FeatureWrapper)[pri:0, instance:runners.TestRunner@175b9425]" started-at="2025-09-01T09:08:15 IST" name="runScenario" description="Runs Cucumber Scenarios" data-provider="scenarios" finished-at="2025-09-01T09:08:27 IST" duration-ms="11055" status="PASS">
          <params>
            <param index="0">
              <value>
                <![CDATA["Valid login with mobile and OTP"]]>
              </value>
            </param>
            <param index="1">
              <value>
                <![CDATA["Login to BookMyShow"]]>
              </value>
            </param>
          </params>
          <reporter-output>
          </reporter-output>
        </test-method> <!-- runScenario -->
        <test-method signature="runScenario(io.cucumber.testng.PickleWrapper,io.cucumber.testng.FeatureWrapper)[pri:0, instance:runners.TestRunner@175b9425]" started-at="2025-09-01T09:08:27 IST" name="runScenario" description="Runs Cucumber Scenarios" data-provider="scenarios" finished-at="2025-09-01T09:08:37 IST" duration-ms="10903" status="PASS">
          <params>
            <param index="0">
              <value>
                <![CDATA["Invalid login with mobile"]]>
              </value>
            </param>
            <param index="1">
              <value>
                <![CDATA["Login to BookMyShow"]]>
              </value>
            </param>
          </params>
          <reporter-output>
          </reporter-output>
        </test-method> <!-- runScenario -->
        <test-method signature="runScenario(io.cucumber.testng.PickleWrapper,io.cucumber.testng.FeatureWrapper)[pri:0, instance:runners.TestRunner@175b9425]" started-at="2025-09-01T09:08:37 IST" name="runScenario" description="Runs Cucumber Scenarios" data-provider="scenarios" finished-at="2025-09-01T09:09:02 IST" duration-ms="24111" status="PASS">
          <params>
            <param index="0">
              <value>
                <![CDATA["Verify all login UI elements are functional and visible"]]>
              </value>
            </param>
            <param index="1">
              <value>
                <![CDATA["Login to BookMyShow"]]>
              </value>
            </param>
          </params>
          <reporter-output>
          </reporter-output>
        </test-method> <!-- runScenario -->
        <test-method signature="runScenario(io.cucumber.testng.PickleWrapper,io.cucumber.testng.FeatureWrapper)[pri:0, instance:runners.TestRunner@175b9425]" started-at="2025-09-01T09:09:02 IST" name="runScenario" description="Runs Cucumber Scenarios" data-provider="scenarios" finished-at="2025-09-01T09:09:09 IST" duration-ms="7460" status="PASS">
          <params>
            <param index="0">
              <value>
                <![CDATA["Select first movie from recommended movies and validate movie details"]]>
              </value>
            </param>
            <param index="1">
              <value>
                <![CDATA["Movie Search Module"]]>
              </value>
            </param>
          </params>
          <reporter-output>
          </reporter-output>
        </test-method> <!-- runScenario -->
        <test-method signature="runScenario(io.cucumber.testng.PickleWrapper,io.cucumber.testng.FeatureWrapper)[pri:0, instance:runners.TestRunner@175b9425]" started-at="2025-09-01T09:09:09 IST" name="runScenario" description="Runs Cucumber Scenarios" data-provider="scenarios" finished-at="2025-09-01T09:09:17 IST" duration-ms="8151" status="PASS">
          <params>
            <param index="0">
              <value>
                <![CDATA["Navigate to upcoming movies and validate "In Cinemas Near You" link"]]>
              </value>
            </param>
            <param index="1">
              <value>
                <![CDATA["Movie Search Module"]]>
              </value>
            </param>
          </params>
          <reporter-output>
          </reporter-output>
        </test-method> <!-- runScenario -->
        <test-method is-config="true" signature="tearDownClass()[pri:0, instance:runners.TestRunner@175b9425]" started-at="2025-09-01T09:09:17 IST" name="tearDownClass" finished-at="2025-09-01T09:09:17 IST" duration-ms="50" status="PASS">
          <reporter-output>
          </reporter-output>
        </test-method> <!-- tearDownClass -->
      </class> <!-- runners.TestRunner -->
    </test> <!-- EdgeTest -->
  </suite> <!-- Suite -->
</testng-results>
